<?xml version="1.0" encoding="UTF-8"?>
<!-- Generated by org.testng.reporters.JUnitXMLReporter -->
<testsuite ignored="2" hostname="MacBookAir" failures="0" tests="5" name="Test" time="96.033" errors="0" timestamp="2025-12-26T16:49:19 CST">
  <testcase classname="com.qa.test.LoginTests" name="invalidUserName" time="11.868"/>
  <testcase classname="com.qa.test.LoginTests" name="invalidPassword" time="11.011"/>
  <testcase classname="com.qa.test.LoginTests" name="successfulLogin" time="16.276"/>
  <testcase classname="com.qa.test.ProductsTest" name="validateProductOnProductsPage" time="3.553"/>
  <testcase classname="com.qa.test.ProductsTest" name="validateProductOnProductsDetailPage" time="11.086"/>
  <testcase classname="com.qa.base.BaseTest" name="@BeforeTest beforeTest" time="0.0">
    <ignored/>
  </testcase> <!-- @BeforeTest beforeTest -->
  <testcase classname="com.qa.base.BaseTest" name="@AfterTest afterTest" time="0.0">
    <ignored/>
  </testcase> <!-- @AfterTest afterTest -->
</testsuite> <!-- Test -->
