<?xml version="1.0" encoding="UTF-8"?>
<!-- Generated by org.testng.reporters.JUnitReportReporter -->
<testsuite hostname="MacBookAir" failures="0" tests="2" name="com.qa.test.ProductsTest" time="30.401" errors="0" timestamp="2025-12-26T16:49:19 CST" skipped="0">
  <testcase classname="com.qa.test.ProductsTest" name="validateProductOnProductsPage" time="9.769"/>
  <testcase classname="com.qa.test.ProductsTest" name="validateProductOnProductsDetailPage" time="20.632"/>
</testsuite> <!-- com.qa.test.ProductsTest -->
